[debug] [2025-02-18T09:47:45.092Z] ----------------------------------------------------------------------
[debug] [2025-02-18T09:47:45.097Z] Command:       /usr/local/bin/node /usr/local/bin/firebase deploy --only hosting
[debug] [2025-02-18T09:47:45.097Z] CLI Version:   13.31.1
[debug] [2025-02-18T09:47:45.097Z] Platform:      darwin
[debug] [2025-02-18T09:47:45.098Z] Node Version:  v22.14.0
[debug] [2025-02-18T09:47:45.098Z] Time:          Tue Feb 18 2025 17:47:45 GMT+0800 (台北標準時間)
[debug] [2025-02-18T09:47:45.098Z] ----------------------------------------------------------------------
[debug] 
[debug] [2025-02-18T09:47:45.229Z] > command requires scopes: ["email","openid","https://www.googleapis.com/auth/cloudplatformprojects.readonly","https://www.googleapis.com/auth/firebase","https://www.googleapis.com/auth/cloud-platform"]
[debug] [2025-02-18T09:47:45.230Z] > authorizing via signed-in user (nai0529nai@gmail.com)
[debug] [2025-02-18T09:47:45.230Z] [iam] checking project computx--message-boards for permissions ["firebase.projects.get","firebasehosting.sites.update"]
[debug] [2025-02-18T09:47:45.230Z] Checked if tokens are valid: true, expires at: 1739875641406
[debug] [2025-02-18T09:47:45.231Z] Checked if tokens are valid: true, expires at: 1739875641406
[debug] [2025-02-18T09:47:45.231Z] >>> [apiv2][query] POST https://cloudresourcemanager.googleapis.com/v1/projects/computx--message-boards:testIamPermissions [none]
[debug] [2025-02-18T09:47:45.231Z] >>> [apiv2][(partial)header] POST https://cloudresourcemanager.googleapis.com/v1/projects/computx--message-boards:testIamPermissions x-goog-quota-user=projects/computx--message-boards
[debug] [2025-02-18T09:47:45.231Z] >>> [apiv2][body] POST https://cloudresourcemanager.googleapis.com/v1/projects/computx--message-boards:testIamPermissions {"permissions":["firebase.projects.get","firebasehosting.sites.update"]}
[debug] [2025-02-18T09:47:45.731Z] <<< [apiv2][status] POST https://cloudresourcemanager.googleapis.com/v1/projects/computx--message-boards:testIamPermissions 200
[debug] [2025-02-18T09:47:45.731Z] <<< [apiv2][body] POST https://cloudresourcemanager.googleapis.com/v1/projects/computx--message-boards:testIamPermissions {"permissions":["firebase.projects.get","firebasehosting.sites.update"]}
[debug] [2025-02-18T09:47:45.731Z] Checked if tokens are valid: true, expires at: 1739875641406
[debug] [2025-02-18T09:47:45.731Z] Checked if tokens are valid: true, expires at: 1739875641406
[debug] [2025-02-18T09:47:45.731Z] >>> [apiv2][query] GET https://firebase.googleapis.com/v1beta1/projects/computx--message-boards [none]
[debug] [2025-02-18T09:47:48.228Z] <<< [apiv2][status] GET https://firebase.googleapis.com/v1beta1/projects/computx--message-boards 200
[debug] [2025-02-18T09:47:48.228Z] <<< [apiv2][body] GET https://firebase.googleapis.com/v1beta1/projects/computx--message-boards {"projectId":"computx--message-boards","projectNumber":"513416659811","displayName":"Computx  Message boards","name":"projects/computx--message-boards","resources":{"hostingSite":"computx--message-boards"},"state":"ACTIVE","etag":"1_0f2b75b5-6aad-4668-9af3-a1e35eb4cbb9"}
[info] 
[info] === Deploying to 'computx--message-boards'...
[info] 
[info] i  deploying hosting 
[debug] [2025-02-18T09:47:48.232Z] Checked if tokens are valid: true, expires at: 1739875641406
[debug] [2025-02-18T09:47:48.232Z] Checked if tokens are valid: true, expires at: 1739875641406
[debug] [2025-02-18T09:47:48.232Z] >>> [apiv2][query] POST https://firebasehosting.googleapis.com/v1beta1/projects/-/sites/computx--message-boards/versions [none]
[debug] [2025-02-18T09:47:48.232Z] >>> [apiv2][body] POST https://firebasehosting.googleapis.com/v1beta1/projects/-/sites/computx--message-boards/versions {"status":"CREATED","labels":{"deployment-tool":"cli-firebase"}}
[debug] [2025-02-18T09:47:49.096Z] <<< [apiv2][status] POST https://firebasehosting.googleapis.com/v1beta1/projects/-/sites/computx--message-boards/versions 200
